<?xml version="1.0" encoding="UTF-8"?>
<!-- Generated by org.testng.reporters.JUnitXMLReporter -->
<testsuite ignored="0" hostname="Sreekanth" failures="0" tests="2" name="Error Validations Test" time="13.18" errors="0" timestamp="2024-10-22T14:45:41 EDT">
  <testcase classname="sreekanthrachakonda.tests.ErrorValidationsTest" name="LoginErrorValidation" time="1.167"/>
  <testcase classname="sreekanthrachakonda.tests.ErrorValidationsTest" name="ProductErrorValidation" time="2.85"/>
</testsuite> <!-- Error Validations Test -->
