<?xml version="1.0" encoding="UTF-8"?>
<!-- Generated by org.testng.reporters.JUnitXMLReporter -->
<testsuite ignored="0" hostname="Sreekanth" failures="0" tests="2" name="Error Validations Test" time="16.381" errors="0" timestamp="2024-10-30T14:08:01 EDT">
  <testcase classname="sreekanthrachakonda.tests.ErrorValidationsTest" name="LoginErrorValidation" time="1.794"/>
  <testcase classname="sreekanthrachakonda.tests.ErrorValidationsTest" name="ProductErrorValidation" time="3.006"/>
</testsuite> <!-- Error Validations Test -->
